<?xml version="1.0" encoding="UTF-8"?>
<!-- Generated by org.testng.reporters.JUnitReportReporter -->
<testsuite hostname="Ankit" failures="0" tests="5" name="com.qa.opencart.tests.LoginPageTest" time="0.912" errors="0" timestamp="2024-09-29T22:24:56 IST" skipped="0">
  <testcase classname="com.qa.opencart.tests.LoginPageTest" name="loginPageTitleTest" time="0.029"/>
  <system-out/>
  <testcase classname="com.qa.opencart.tests.LoginPageTest" name="loginPageUrlTest" time="0.019"/>
  <system-out/>
  <testcase classname="com.qa.opencart.tests.LoginPageTest" name="forgotPwdLinkExistTest" time="0.090"/>
  <system-out/>
  <testcase classname="com.qa.opencart.tests.LoginPageTest" name="LogoImageExistTest" time="0.050"/>
  <system-out/>
  <testcase classname="com.qa.opencart.tests.LoginPageTest" name="doLoginTest" time="0.724"/>
  <system-out/>
</testsuite> <!-- com.qa.opencart.tests.LoginPageTest -->
