<?xml version="1.0" encoding="UTF-8"?>
<!-- Generated by org.testng.reporters.JUnitReportReporter -->
<testsuite hostname="Ankit" failures="0" tests="13" name="com.qa.opencart.tests.AccountPageTest" time="9.962" errors="0" timestamp="2024-09-29T22:24:56 IST" skipped="0">
  <testcase classname="com.qa.opencart.tests.AccountPageTest" name="AccountpagHeaderTest" time="0.160"/>
  <system-out/>
  <testcase classname="com.qa.opencart.tests.AccountPageTest" name="searchCountTest" time="0.521"/>
  <system-out/>
  <testcase classname="com.qa.opencart.tests.AccountPageTest" name="accountPageTiltleTest" time="0.014"/>
  <system-out/>
  <testcase classname="com.qa.opencart.tests.AccountPageTest" name="accountPageHearderCountTest" time="0.050"/>
  <system-out/>
  <testcase classname="com.qa.opencart.tests.AccountPageTest" name="searchTest" time="1.256"/>
  <system-out/>
  <testcase classname="com.qa.opencart.tests.AccountPageTest" name="searchCountTest" time="0.506"/>
  <system-out/>
  <testcase classname="com.qa.opencart.tests.AccountPageTest" name="searchTest" time="1.150"/>
  <system-out/>
  <testcase classname="com.qa.opencart.tests.AccountPageTest" name="searchTest" time="1.397"/>
  <system-out/>
  <testcase classname="com.qa.opencart.tests.AccountPageTest" name="searchTest" time="1.284"/>
  <system-out/>
  <testcase classname="com.qa.opencart.tests.AccountPageTest" name="searchTest" time="1.353"/>
  <system-out/>
  <testcase classname="com.qa.opencart.tests.AccountPageTest" name="searchTest" time="1.732"/>
  <system-out/>
  <testcase classname="com.qa.opencart.tests.AccountPageTest" name="searchCountTest" time="0.512"/>
  <system-out/>
  <testcase classname="com.qa.opencart.tests.AccountPageTest" name="isLogoutLinkExistsTest" time="0.027"/>
  <system-out/>
</testsuite> <!-- com.qa.opencart.tests.AccountPageTest -->
